6.9321
6.8469
6.8041
6.6949
6.7751
6.9215
6.8482
6.9519
6.8864
6.8196
6.8318
6.8778
6.8422
6.6539
6.8498
6.745
6.8947
6.7184
6.7242
6.8702
7.0251
6.8801
6.8277
6.9209
6.8972
6.9763
6.8372
6.8823
6.8681
6.7594
6.8233
6.8146
6.8255
6.8939
6.8508
6.8768
6.8421
6.7241
6.8481
6.8269
7.0419
6.828
7.0092
6.8325
6.9839
6.8365
6.8821
6.8811
6.9003
6.9357
6.8497
6.9058
6.8813
6.8538
7.0279
6.9309
6.8524
6.6448
6.8699
6.9849
6.7846
6.8966
6.9828
6.8456
7.0576
6.6993
7.0234
6.8737
6.8908
6.8994
6.9506
6.8986
6.9826
6.8482
6.8962
6.6655
6.7106
6.8886
6.9976
6.9969
6.8595
6.9528
6.8952
6.8789
6.6926
7.0484
6.7984
7.023
6.9198
6.8186
6.8446
6.779
6.9534
7.0037
6.8956
6.9695
6.9336
6.8962
7.0443
6.8541
