5.8582
5.8327
5.8287
5.8396
5.8016
5.8146
5.8704
5.8443
5.8043
5.8654
5.7963
5.8666
5.8488
5.8292
5.8435
5.8452
5.7543
5.7789
5.7949
5.873
5.8173
5.8419
5.8576
5.8622
5.8478
5.8248
5.7937
5.8949
5.8391
5.7529
5.8838
5.8583
5.7968
5.8368
5.8828
5.7889
5.8457
5.8419
5.8386
5.8576
5.7689
5.8718
5.7641
5.8022
5.8432
5.7482
5.8381
5.8549
5.7897
5.7289
5.8005
5.7325
5.7883
5.9078
5.8476
5.8426
5.9103
5.8385
5.8125
5.9372
5.9209
5.8305
5.825
5.8516
5.7352
5.8894
5.8082
5.8961
5.7309
5.8788
5.8689
5.8074
5.8882
5.9047
5.7942
5.9065
5.8695
5.936
5.8416
5.8425
5.8525
5.7383
5.776
5.8542
5.7776
5.9024
5.7887
5.8079
5.7839
5.8377
5.8577
5.7519
5.8453
5.8252
5.7553
5.8039
5.8744
5.9059
5.8447
5.8213
