7.4135
7.3386
7.5407
7.4707
7.3492
7.3313
7.5276
7.3881
7.3943
7.3471
7.4851
7.4705
7.3826
7.3228
7.5054
7.3176
7.3546
7.4658
7.2621
7.3875
7.3989
7.2371
7.4648
7.5075
7.2943
7.2984
7.3537
7.5481
7.334
7.2042
7.205
7.4582
7.3082
7.4242
7.258
7.2916
7.2777
7.5474
7.489
7.4371
7.481
7.3374
7.317
7.3508
7.358
7.1844
7.3351
7.4787
7.3005
7.2679
7.4057
7.3719
7.5093
7.3655
7.4225
7.2209
7.3998
7.3289
7.4424
7.3962
7.496
7.39
7.1987
7.5113
7.5159
7.4062
7.44
7.4193
7.406
7.3964
7.5433
7.3631
7.4591
7.4644
7.5413
7.3598
7.2858
7.5003
7.26
7.3271
7.3156
7.5086
7.3386
7.4898
7.2598
7.6296
7.5848
7.5458
7.2829
7.5383
7.5553
7.5555
7.3074
7.6429
7.289
7.2889
7.4576
7.2428
7.556
7.4853
