4.1106
4.2297
3.8678
3.8916
3.9569
4.0461
3.8813
3.9812
3.7532
4.1345
4.3882
4.1531
3.8787
3.946
3.9216
3.9436
4.3408
4.1594
4.2935
3.644
4.1287
3.8455
3.7712
3.6783
4.0182
4.0159
4.2157
3.8324
4.0226
4.3977
3.7261
4.3386
4.0091
4.2612
3.7751
3.5786
3.8724
3.9681
3.761
3.883
3.8632
3.8331
3.7069
3.8822
4.4003
4.2269
4.3377
4.1695
4.1407
4.0375
4.2064
3.9647
4.123
4.2727
3.8914
3.4028
4.135
4.0598
4.0199
3.7398
4.2414
4.3928
4.116
4.6106
4.6256
4.5757
4.1854
3.3564
4.0462
3.7229
3.7245
3.964
3.8663
3.7985
4.0065
3.6701
3.9305
4.1085
4.1976
4.3775
4.2331
3.8248
3.8472
4.195
3.6652
3.1078
3.2803
3.4704
3.3109
4.4659
4.0512
3.9298
4.4179
4.0999
4.2184
3.6716
4.6701
4.4136
3.2568
5.673
