7.132
7.258
7.217
7.2515
7.2282
7.2588
7.2705
7.1131
7.2314
7.3512
7.2141
7.2374
7.2943
7.2646
7.2136
7.3509
7.3519
7.288
7.2902
7.1353
7.3962
7.0121
7.0298
7.3062
7.2225
7.2997
7.1444
7.2924
7.0278
7.1459
7.2162
7.2939
7.1718
6.9279
7.2823
7.2268
7.2823
7.3079
6.9682
7.2616
7.0651
7.1291
7.1661
6.9278
7.2477
7.1419
7.2615
7.3713
7.1929
7.0941
7.3292
7.2047
7.3763
6.9266
7.0158
7.0213
7.0689
7.1385
7.3078
7.3038
7.1812
7.2772
6.9814
7.1336
7.1527
7.1776
7.178
7.0185
7.2959
7.0609
7.2894
6.9322
7.2734
7.1955
7.2873
7.1091
7.1257
6.9286
7.0688
7.0972
7.1039
7.3759
7.1982
6.9458
7.1924
6.9354
7.2359
7.245
7.1015
7.1415
7.2219
7.1664
7.1721
7.2355
7.1998
7.236
7.0064
6.9921
6.9749
7.0986
