5.5848
5.4221
5.7767
5.2262
5.4099
5.453
5.2276
5.8478
5.2665
5.4272
5.4245
5.6454
5.9308
5.9399
5.5452
5.9263
4.9919
5.9643
5.663
5.3526
5.4144
5.2798
5.322
5.2102
5.7709
5.7325
4.9794
5.1346
5.2806
5.5635
5.3677
5.9441
5.8226
5.3816
5.4765
5.201
5.1203
5.5496
4.9864
5.0099
5.3783
5.6823
5.5167
5.7653
5.4315
5.4797
6.1164
5.7626
6.0378
4.8446
5.1824
4.9877
5.7722
5.0525
5.5038
5.3903
5.2244
5.8482
5.8717
5.4143
5.3767
5.948
5.9984
4.9405
5.5993
5.1966
5.7036
5.1087
4.9299
5.1736
5.0012
5.3231
5.5994
5.6586
5.7655
4.8906
5.1721
5.8703
5.6717
5.2558
5.9501
5.5069
5.6762
4.6675
5.6353
5.2785
6.1027
5.81
6.0787
5.5732
5.8446
4.7437
5.4213
5.5848
6.0495
5.2492
4.9488
5.674
5.0743
4.9748
