7.1481
7.1478
7.2444
7.1037
7.0968
7.0867
7.1733
7.0706
7.1886
7.3395
7.2118
7.1552
7.3968
7.223
7.137
7.0877
7.2225
7.2509
7.2372
7.0798
7.2929
7.3565
7.2619
7.3173
7.2459
7.1519
7.3286
7.1749
7.1739
7.2707
7.2804
7.3535
7.1337
7.2729
7.4451
7.1859
7.1152
7.2102
7.0845
7.259
7.3222
7.1253
7.1582
7.3144
7.2679
7.1418
7.1743
7.2651
7.441
7.1459
7.1972
7.2403
7.2038
7.2569
7.0382
7.2606
7.4315
7.3071
7.2608
7.2028
7.2225
7.2167
7.3593
7.1096
7.2951
7.1649
7.2898
7.1085
7.0677
7.2429
7.0226
7.3311
7.2139
7.1782
7.4411
7.3311
7.2331
7.1664
7.228
7.3244
7.0844
7.2013
7.1142
6.9849
7.1683
7.0808
7.1328
7.2457
7.3453
7.3713
7.3104
7.2919
7.0816
7.2807
7.3393
7.1664
7.2562
7.2158
7.2464
7.0604
